2023-01-28 21:20:09:209 [32minfo[39m: [32m⚡️[server]: Server is running at http://localhost:4000[39m
2023-01-28 21:21:16:2116 [32minfo[39m: [32m⚡️[server]: Server is running at http://localhost:4000[39m
2023-01-29 12:01:51:151 [35mhttp[39m: [35m::1 GET /api/v1/day-plan/today 401 41 - 3.773 ms[39m
[35m[39m
2023-01-29 12:01:52:152 [35mhttp[39m: [35m::1 GET /api/v1/day-plan/today 401 41 - 0.579 ms[39m
[35m[39m
2023-01-29 12:02:27:227 [35mhttp[39m: [35m::1 GET /api/v1/day-plan/today 401 41 - 0.540 ms[39m
[35m[39m
2023-01-29 12:02:29:229 [35mhttp[39m: [35m::1 GET /api/v1/day-plan/today 401 41 - 0.364 ms[39m
[35m[39m
2023-01-29 12:02:30:230 [35mhttp[39m: [35m::1 POST /api/v1/handshake 200 101 - 2685.050 ms[39m
[35m[39m
2023-01-29 12:02:52:252 [35mhttp[39m: [35m::1 GET /api/v1/day-plan/today 200 1291 - 462.472 ms[39m
[35m[39m
2023-01-29 12:02:52:252 [35mhttp[39m: [35m::1 GET /api/v1/day-plan/today 304 - - 449.489 ms[39m
[35m[39m
2023-01-29 12:20:12:2012 [32minfo[39m: [32m⚡️[server]: Server is running at http://localhost:4000[39m
2023-01-29 12:20:23:2023 [35mhttp[39m: [35m::1 GET /api/v1/day-plan/today 304 - - 452.314 ms[39m
[35m[39m
2023-01-29 12:20:24:2024 [35mhttp[39m: [35m::1 GET /api/v1/day-plan/today 304 - - 440.771 ms[39m
[35m[39m
2023-01-29 12:20:27:2027 [35mhttp[39m: [35m::1 POST /api/v1/handshake 200 101 - 3652.424 ms[39m
[35m[39m
2023-01-29 12:21:28:2128 [35mhttp[39m: [35m::1 GET /api/v1/day-plan/today 304 - - 449.149 ms[39m
[35m[39m
2023-01-29 12:21:29:2129 [35mhttp[39m: [35m::1 GET /api/v1/day-plan/today 304 - - 435.386 ms[39m
[35m[39m
2023-01-29 12:21:33:2133 [35mhttp[39m: [35m::1 POST /api/v1/handshake 200 101 - 4636.385 ms[39m
[35m[39m
2023-01-29 12:21:49:2149 [35mhttp[39m: [35m::1 GET /api/v1/day-plan/today 401 41 - 0.691 ms[39m
[35m[39m
2023-01-29 12:21:49:2149 [35mhttp[39m: [35m::1 GET /api/v1/day-plan/today 401 41 - 1.547 ms[39m
[35m[39m
2023-01-29 12:23:06:236 [32minfo[39m: [32m⚡️[server]: Server is running at http://localhost:4000[39m
2023-01-29 12:23:12:2312 [35mhttp[39m: [35m::1 GET /api/v1/day-plan/today 401 1347 - 3.393 ms[39m
[35m[39m
2023-01-29 12:23:13:2313 [35mhttp[39m: [35m::1 GET /api/v1/day-plan/today 401 1347 - 0.932 ms[39m
[35m[39m
2023-01-29 12:23:28:2328 [32minfo[39m: [32m⚡️[server]: Server is running at http://localhost:4000[39m
2023-01-29 12:23:29:2329 [33mwarn[39m: [33mNot authorized[39m
2023-01-29 12:23:29:2329 [35mhttp[39m: [35m::1 GET /api/v1/day-plan/today 401 41 - 2.964 ms[39m
[35m[39m
2023-01-29 12:23:31:2331 [33mwarn[39m: [33mNot authorized[39m
2023-01-29 12:23:31:2331 [35mhttp[39m: [35m::1 GET /api/v1/day-plan/today 401 41 - 1.222 ms[39m
[35m[39m
2023-01-29 12:30:43:3043 [32minfo[39m: [32m⚡️[server]: Server is running at http://localhost:4000[39m
2023-01-29 12:30:49:3049 [31merror[39m: [31mNot Authorized[39m
2023-01-29 12:30:49:3049 [35mhttp[39m: [35m::1 GET /api/v1/day-plan/today 401 41 - 3.875 ms[39m
[35m[39m
2023-01-29 12:30:50:3050 [31merror[39m: [31mNot Authorized[39m
2023-01-29 12:30:51:3051 [35mhttp[39m: [35m::1 GET /api/v1/day-plan/today 401 41 - 0.951 ms[39m
[35m[39m
2023-01-29 12:31:40:3140 [32minfo[39m: [32m⚡️[server]: Server is running at http://localhost:4000[39m
2023-01-29 12:31:45:3145 [35mhttp[39m: [35m::1 GET /api/v1/day-plan/today 400 47 - 229.356 ms[39m
[35m[39m
2023-01-29 12:31:46:3146 [35mhttp[39m: [35m::1 GET /api/v1/day-plan/today 400 47 - 223.273 ms[39m
[35m[39m
2023-01-29 12:33:07:337 [32minfo[39m: [32m⚡️[server]: Server is running at http://localhost:4000[39m
2023-01-29 12:33:21:3321 [32minfo[39m: [32m⚡️[server]: Server is running at http://localhost:4000[39m
2023-01-29 12:33:23:3323 [35mhttp[39m: [35m::1 GET /api/v1/day-plan/today 400 47 - 245.338 ms[39m
[35m[39m
2023-01-29 12:33:24:3324 [35mhttp[39m: [35m::1 GET /api/v1/day-plan/today 400 47 - 226.505 ms[39m
[35m[39m
2023-01-29 12:34:07:347 [32minfo[39m: [32m⚡️[server]: Server is running at http://localhost:4000[39m
2023-01-29 12:34:15:3415 [35mhttp[39m: [35m::1 GET /api/v1/day-plan/today - - - - ms[39m
[35m[39m
2023-01-29 12:34:45:3445 [35mhttp[39m: [35m::1 GET /api/v1/day-plan/today - - - - ms[39m
[35m[39m
2023-01-29 12:34:45:3445 [35mhttp[39m: [35m::1 GET /api/v1/day-plan/today - - - - ms[39m
[35m[39m
2023-01-29 12:35:16:3516 [32minfo[39m: [32m⚡️[server]: Server is running at http://localhost:4000[39m
2023-01-29 12:35:23:3523 [31merror[39m: [31mNot Authorized[39m
2023-01-29 12:35:23:3523 [35mhttp[39m: [35m::1 GET /api/v1/day-plan/today 401 41 - 3.612 ms[39m
[35m[39m
2023-01-29 12:35:24:3524 [31merror[39m: [31mNot Authorized[39m
2023-01-29 12:35:24:3524 [35mhttp[39m: [35m::1 GET /api/v1/day-plan/today 401 41 - 1.087 ms[39m
[35m[39m
2023-01-31 22:37:49:3749 [32minfo[39m: [32m⚡️[server]: Server is running at http://localhost:4000[39m
2023-02-12 13:57:37:5737 [32minfo[39m: [32m⚡️[server]: Server is running at http://localhost:4000[39m
2023-02-12 13:57:54:5754 [31merror[39m: [31mNot Authorized[39m
2023-02-12 13:57:54:5754 [35mhttp[39m: [35m::1 GET /api/v1/day-plan/today 401 41 - 2.682 ms[39m
[35m[39m
2023-02-12 13:57:55:5755 [31merror[39m: [31mNot Authorized[39m
2023-02-12 13:57:56:5756 [35mhttp[39m: [35m::1 GET /api/v1/day-plan/today 401 41 - 1.388 ms[39m
[35m[39m
2023-02-12 13:57:58:5758 [35mhttp[39m: [35m::1 POST /api/v1/handshake 200 101 - 2496.022 ms[39m
[35m[39m
2023-02-12 13:58:18:5818 [35mhttp[39m: [35m::1 GET /api/v1/day-plan/today 200 1291 - 474.034 ms[39m
[35m[39m
2023-02-12 15:05:10:510 [32minfo[39m: [32m⚡️[server]: Server is running at http://localhost:4000[39m
2023-02-12 19:36:09:369 [32minfo[39m: [32m⚡️[server]: Server is running at http://localhost:4000[39m
